SF:lib\core\extensions\date_time.dart
DA:4,1
DA:5,2
LF:2
LH:2
end_of_record
SF:lib\core\errors\failures.dart
DA:3,6
DA:7,1
DA:9,1
DA:13,1
DA:15,1
DA:19,1
DA:21,1
DA:25,1
DA:27,1
DA:31,1
DA:33,1
DA:37,1
DA:39,1
DA:43,1
DA:45,1
DA:49,1
DA:51,1
DA:55,1
DA:58,1
DA:62,1
DA:65,1
DA:69,1
DA:72,1
DA:76,1
DA:78,1
DA:82,1
DA:84,1
LF:27
LH:27
end_of_record
SF:lib\core\extensions\string.dart
DA:4,1
DA:5,2
DA:6,2
DA:8,1
DA:11,1
DA:12,1
DA:13,2
DA:15,2
DA:16,2
DA:18,2
DA:19,2
DA:21,2
DA:22,1
LF:13
LH:13
end_of_record
SF:lib\core\helpers\navigation.dart
DA:6,0
DA:7,0
DA:9,0
DA:11,0
DA:13,0
DA:15,0
DA:18,0
DA:19,0
DA:22,0
DA:23,0
LF:10
LH:0
end_of_record
SF:lib\core\input_formatters.dart
DA:4,0
DA:7,0
DA:10,0
DA:18,0
DA:19,0
DA:21,0
DA:25,0
DA:30,0
DA:31,0
DA:32,0
DA:33,0
DA:34,0
DA:36,0
DA:39,0
LF:14
LH:0
end_of_record
SF:lib\firebase_options.dart
DA:18,0
DA:22,0
DA:23,0
DA:25,0
DA:27,0
DA:29,0
DA:30,0
DA:34,0
DA:35,0
DA:40,0
LF:10
LH:0
end_of_record
SF:lib\main.dart
DA:11,0
DA:12,0
DA:13,0
DA:15,0
DA:16,0
DA:19,0
DA:20,0
DA:21,0
DA:28,24
DA:30,0
DA:32,0
DA:33,0
DA:34,0
DA:39,0
DA:42,0
DA:46,0
DA:49,0
DA:50,0
LF:18
LH:1
end_of_record
SF:lib\src\app.dart
DA:71,0
DA:72,0
DA:74,0
DA:75,0
DA:76,0
DA:79,0
DA:80,0
DA:83,0
DA:84,0
DA:85,0
DA:86,0
DA:87,0
DA:90,0
DA:91,0
DA:92,0
DA:95,0
DA:96,0
DA:97,0
DA:98,0
DA:99,0
DA:100,0
DA:101,0
DA:102,0
DA:103,0
DA:104,0
DA:105,0
DA:106,0
DA:107,0
DA:108,0
DA:109,0
DA:110,0
DA:111,0
DA:112,0
DA:113,0
DA:114,0
DA:115,0
DA:116,0
DA:117,0
DA:118,0
DA:119,0
DA:120,0
DA:121,0
DA:122,0
DA:123,0
DA:124,0
DA:125,0
DA:126,0
DA:129,0
DA:130,0
DA:131,0
DA:132,0
DA:133,0
DA:136,0
DA:137,0
DA:138,0
DA:139,0
DA:140,0
DA:141,0
DA:142,0
DA:145,0
DA:146,0
DA:147,0
DA:148,0
DA:149,0
DA:150,0
DA:151,0
DA:152,0
DA:154,0
DA:156,0
DA:158,0
DA:160,0
DA:162,0
DA:164,0
DA:166,0
DA:169,0
DA:170,0
DA:171,0
DA:172,0
LF:78
LH:0
end_of_record
SF:lib\src\data\repositories\local\json_city_local_repo.dart
DA:10,1
DA:12,2
DA:13,2
DA:14,2
LF:4
LH:4
end_of_record
SF:lib\src\data\repositories\remote\firebase_auth_remote_repo.dart
DA:10,1
DA:12,1
DA:15,2
DA:20,1
DA:21,1
DA:22,2
DA:23,2
DA:26,1
DA:27,1
DA:28,1
DA:29,1
DA:30,1
DA:31,1
DA:32,1
DA:33,1
DA:36,1
DA:38,1
DA:41,1
DA:44,2
DA:49,1
DA:50,1
DA:51,2
DA:52,2
DA:55,1
DA:56,1
DA:57,1
DA:58,1
DA:59,1
DA:60,1
DA:63,1
DA:64,1
DA:67,1
DA:69,1
DA:72,1
DA:75,2
DA:78,1
DA:79,1
DA:80,1
DA:81,1
DA:84,1
DA:85,1
DA:90,1
DA:94,1
DA:97,2
DA:100,1
DA:104,1
DA:106,4
DA:109,1
DA:110,1
DA:111,1
LF:50
LH:50
end_of_record
SF:lib\src\data\repositories\remote\firebase_donation_remote_repo.dart
DA:12,1
DA:14,3
DA:16,1
DA:19,1
DA:20,2
DA:21,2
DA:22,1
DA:26,1
DA:30,1
DA:33,3
DA:34,2
DA:38,1
DA:42,1
DA:44,6
DA:45,1
DA:46,3
DA:47,1
DA:48,1
LF:18
LH:18
end_of_record
SF:lib\src\data\repositories\remote\firebase_file_remote_repo.dart
DA:12,1
DA:14,1
DA:17,1
DA:18,3
DA:19,1
DA:21,2
DA:23,1
DA:27,1
DA:30,2
DA:31,1
DA:35,1
LF:11
LH:11
end_of_record
SF:lib\src\data\repositories\remote\firebase_user_info_remote_repo.dart
DA:12,1
DA:14,3
DA:16,1
DA:19,2
DA:20,1
DA:21,1
DA:22,1
DA:26,1
DA:30,1
DA:33,3
DA:34,2
DA:38,1
DA:42,1
DA:45,3
DA:46,2
DA:50,1
DA:54,1
DA:56,6
DA:57,1
DA:58,1
DA:59,1
DA:60,1
LF:22
LH:22
end_of_record
SF:lib\src\data\services\asuka_notification_service.dart
DA:6,0
DA:8,0
DA:11,0
DA:13,0
LF:4
LH:0
end_of_record
SF:lib\src\data\services\connectivity_network_service.dart
DA:13,1
DA:15,1
DA:18,1
DA:20,1
DA:24,1
DA:25,1
DA:28,2
DA:29,1
DA:36,1
DA:37,2
DA:38,1
DA:39,1
DA:40,1
DA:43,1
DA:45,1
DA:46,4
LF:16
LH:16
end_of_record
SF:lib\src\data\services\image_picker_photo_service.dart
DA:11,1
DA:13,1
DA:15,1
DA:18,1
DA:20,1
DA:23,1
DA:25,2
DA:27,2
DA:30,1
LF:9
LH:9
end_of_record
SF:lib\src\domain\usecases\auth\do_login.dart
DA:10,0
DA:12,0
DA:14,0
DA:15,0
DA:19,0
DA:22,0
DA:23,0
LF:7
LH:0
end_of_record
SF:lib\src\domain\usecases\auth\do_logout.dart
DA:9,0
DA:11,0
DA:13,0
DA:16,0
DA:17,0
LF:5
LH:0
end_of_record
SF:lib\src\domain\usecases\auth\do_register.dart
DA:14,0
DA:16,0
DA:20,0
DA:22,0
DA:24,0
DA:28,0
DA:31,0
DA:32,0
LF:8
LH:0
end_of_record
SF:lib\src\domain\usecases\auth\get_current_user.dart
DA:7,0
DA:9,0
DA:10,0
LF:3
LH:0
end_of_record
SF:lib\src\domain\usecases\auth\send_password_reset_email.dart
DA:9,0
DA:11,0
DA:15,0
DA:17,0
DA:21,0
DA:22,0
LF:6
LH:0
end_of_record
SF:lib\src\domain\usecases\cities\get_city_names.dart
DA:8,0
DA:10,0
DA:11,0
DA:14,0
DA:15,0
DA:18,0
DA:19,0
LF:7
LH:0
end_of_record
SF:lib\src\domain\usecases\donations\create_donation.dart
DA:17,0
DA:24,0
DA:29,0
DA:32,0
DA:35,0
DA:39,0
DA:41,0
DA:46,0
DA:48,0
DA:51,0
DA:52,0
LF:11
LH:0
end_of_record
SF:lib\src\domain\usecases\donations\get_available_donations.dart
DA:8,0
DA:10,0
DA:11,0
DA:14,0
DA:16,0
DA:17,0
DA:18,0
DA:19,0
DA:22,0
DA:23,0
LF:10
LH:0
end_of_record
SF:lib\src\domain\usecases\donations\get_donation_photo_url.dart
DA:10,0
DA:12,0
DA:14,0
DA:20,0
DA:23,0
DA:24,0
LF:6
LH:0
end_of_record
SF:lib\src\domain\usecases\donations\get_my_donations.dart
DA:9,0
DA:11,0
DA:12,0
DA:15,0
DA:16,0
DA:17,0
DA:18,0
DA:20,0
DA:23,0
DA:24,0
LF:10
LH:0
end_of_record
SF:lib\src\domain\usecases\donations\get_requested_donations.dart
DA:9,0
DA:11,0
DA:12,0
DA:15,0
DA:16,0
DA:17,0
DA:18,0
DA:21,0
DA:22,0
DA:25,0
DA:26,0
LF:11
LH:0
end_of_record
SF:lib\src\domain\usecases\donations\set_donation_as_canceled.dart
DA:11,0
DA:13,0
DA:15,0
DA:19,0
DA:22,0
DA:23,0
LF:6
LH:0
end_of_record
SF:lib\src\domain\usecases\donations\set_donation_as_delivered.dart
DA:11,0
DA:13,0
DA:15,0
DA:19,0
DA:22,0
DA:23,0
LF:6
LH:0
end_of_record
SF:lib\src\domain\usecases\donations\set_donation_as_requested.dart
DA:13,0
DA:19,0
DA:21,0
DA:24,0
DA:28,0
DA:30,0
DA:34,0
DA:37,0
DA:38,0
LF:9
LH:0
end_of_record
SF:lib\src\domain\usecases\donations\set_donation_as_unrequested.dart
DA:11,0
DA:13,0
DA:15,0
DA:19,0
DA:22,0
DA:23,0
LF:6
LH:0
end_of_record
SF:lib\src\domain\usecases\network\get_connection_status.dart
DA:9,0
DA:11,0
DA:13,0
DA:16,0
DA:17,0
LF:5
LH:0
end_of_record
SF:lib\src\domain\usecases\photo\pick_photo_from_camera.dart
DA:11,0
DA:13,0
DA:15,0
DA:18,0
DA:19,0
LF:5
LH:0
end_of_record
SF:lib\src\domain\usecases\photo\pick_photo_from_gallery.dart
DA:11,0
DA:13,0
DA:15,0
DA:18,0
DA:19,0
LF:5
LH:0
end_of_record
SF:lib\src\domain\usecases\user_infos\get_beneficiaries_info.dart
DA:7,0
DA:9,0
DA:10,0
DA:13,0
DA:15,0
DA:16,0
DA:17,0
DA:20,0
DA:21,0
LF:9
LH:0
end_of_record
SF:lib\src\domain\usecases\user_infos\get_common_users_info.dart
DA:7,0
DA:9,0
DA:10,0
DA:13,0
DA:14,0
DA:17,0
DA:18,0
LF:7
LH:0
end_of_record
SF:lib\src\domain\usecases\user_infos\get_donors_info.dart
DA:7,0
DA:9,0
DA:10,0
DA:13,0
DA:15,0
DA:16,0
DA:17,0
DA:20,0
DA:21,0
LF:9
LH:0
end_of_record
SF:lib\src\domain\usecases\user_infos\get_user_info_by_id.dart
DA:10,0
DA:12,0
DA:14,0
DA:17,0
DA:18,0
LF:5
LH:0
end_of_record
SF:lib\src\domain\usecases\user_infos\set_user_info_as_authorized.dart
DA:11,0
DA:13,0
DA:15,0
DA:19,0
DA:22,0
DA:23,0
LF:6
LH:0
end_of_record
SF:lib\src\domain\usecases\user_infos\set_user_info_as_denied.dart
DA:11,0
DA:13,0
DA:15,0
DA:19,0
DA:22,0
DA:23,0
LF:6
LH:0
end_of_record
SF:lib\src\presentation\controllers\auth_controller.g.dart
DA:14,0
DA:16,0
DA:18,0
DA:21,0
DA:22,0
DA:24,0
DA:27,0
DA:28,0
DA:30,0
DA:33,0
DA:35,0
DA:37,0
DA:40,0
DA:42,0
DA:44,0
DA:47,0
DA:49,0
DA:51,0
DA:56,0
DA:58,0
DA:59,0
DA:62,0
DA:64,0
DA:65,0
DA:72,0
DA:74,0
DA:75,0
DA:78,0
DA:80,0
DA:81,0
DA:88,0
DA:90,0
DA:91,0
DA:94,0
DA:96,0
DA:97,0
DA:104,0
DA:106,0
DA:112,0
DA:114,0
DA:115,0
DA:122,0
DA:124,0
DA:125,0
DA:131,0
DA:133,0
DA:139,0
DA:141,0
DA:144,0
DA:148,0
DA:152,0
DA:154,0
DA:157,0
DA:159,0
DA:163,0
DA:165,0
DA:168,0
DA:170,0
DA:174,0
DA:176,0
DA:179,0
DA:181,0
DA:185,0
DA:188,0
DA:189,0
DA:190,0
DA:191,0
DA:192,0
DA:193,0
DA:194,0
DA:195,0
DA:196,0
DA:197,0
LF:73
LH:0
end_of_record
SF:lib\src\presentation\controllers\auth_controller.dart
DA:27,0
DA:45,0
DA:46,0
DA:48,0
DA:49,0
DA:51,0
DA:52,0
DA:54,0
DA:55,0
DA:57,0
DA:59,0
DA:61,0
DA:62,0
DA:64,0
DA:66,0
DA:68,0
DA:69,0
DA:70,0
DA:71,0
DA:72,0
DA:73,0
DA:74,0
DA:75,0
DA:76,0
DA:78,0
DA:79,0
DA:81,0
DA:84,0
DA:85,0
DA:86,0
DA:88,0
DA:89,0
DA:93,0
DA:95,0
DA:96,0
DA:97,0
DA:100,0
DA:106,0
DA:107,0
DA:108,0
DA:111,0
DA:113,0
DA:114,0
DA:115,0
DA:116,0
DA:119,0
DA:121,0
DA:122,0
DA:123,0
DA:126,0
DA:128,0
DA:131,0
DA:133,0
DA:136,0
DA:138,0
LF:55
LH:0
end_of_record
SF:lib\src\presentation\controllers\connection_state_controller.g.dart
DA:15,0
DA:17,0
DA:18,0
DA:21,0
DA:23,0
DA:24,0
DA:28,0
DA:31,0
DA:32,0
LF:9
LH:0
end_of_record
SF:lib\src\presentation\controllers\connection_state_controller.dart
DA:17,0
DA:22,0
DA:23,0
DA:24,0
LF:4
LH:0
end_of_record
SF:lib\src\presentation\controllers\main_page_controller.dart
DA:47,0
DA:55,0
DA:56,0
DA:57,0
DA:60,0
DA:62,0
DA:63,0
DA:65,0
DA:67,0
DA:68,0
DA:70,0
DA:71,0
DA:73,0
DA:74,0
DA:76,0
DA:79,0
DA:80,0
DA:81,0
DA:83,0
DA:84,0
DA:85,0
DA:93,0
DA:95,0
DA:96,0
DA:106,0
LF:25
LH:0
end_of_record
SF:lib\src\presentation\controllers\main_page_controller.g.dart
DA:14,0
DA:15,0
DA:16,0
DA:18,0
DA:23,0
DA:25,0
DA:26,0
DA:29,0
DA:31,0
DA:32,0
DA:39,0
DA:41,0
DA:42,0
DA:45,0
DA:47,0
DA:48,0
DA:55,0
DA:57,0
DA:60,0
DA:62,0
DA:66,0
DA:68,0
DA:71,0
DA:73,0
DA:77,0
DA:80,0
DA:81,0
DA:82,0
DA:83,0
LF:29
LH:0
end_of_record
SF:lib\src\presentation\pages\account\profile_page.dart
DA:9,24
DA:11,0
DA:12,0
DA:18,0
DA:20,0
DA:21,0
DA:22,0
DA:30,0
DA:31,0
DA:32,0
DA:34,0
DA:36,0
DA:38,0
DA:39,0
DA:41,0
DA:42,0
DA:43,0
DA:46,0
DA:47,0
DA:52,0
DA:53,0
DA:55,0
DA:56,0
DA:58,0
DA:59,0
DA:61,0
DA:63,0
DA:64,0
DA:65,0
DA:66,0
DA:67,0
DA:68,0
DA:69,0
DA:70,0
DA:71,0
DA:75,0
DA:76,0
DA:80,0
DA:81,0
DA:85,0
DA:86,0
DA:87,0
LF:42
LH:1
end_of_record
SF:lib\src\presentation\pages\admin\admin_page.dart
DA:11,24
DA:13,0
DA:14,0
DA:21,0
DA:23,0
DA:24,0
DA:25,0
DA:27,0
DA:28,0
DA:35,0
DA:36,0
DA:37,0
DA:38,0
DA:43,0
DA:45,0
DA:46,0
DA:47,0
DA:49,0
DA:55,0
DA:56,0
DA:57,0
DA:58,0
DA:59,0
DA:69,0
DA:70,0
DA:72,0
DA:73,0
DA:75,0
DA:76,0
DA:77,0
DA:80,0
DA:82,0
DA:83,0
DA:84,0
DA:85,0
DA:86,0
DA:87,0
DA:88,0
DA:89,0
DA:90,0
DA:91,0
DA:92,0
DA:93,0
DA:94,0
DA:95,0
DA:96,0
DA:97,0
DA:98,0
DA:99,0
DA:100,0
DA:101,0
DA:102,0
DA:103,0
DA:104,0
DA:105,0
DA:107,0
DA:108,0
DA:109,0
DA:110,0
DA:116,0
DA:117,0
DA:118,0
DA:120,0
DA:121,0
DA:122,0
DA:123,0
LF:66
LH:1
end_of_record
SF:lib\src\presentation\pages\auth\forgot_password_page.dart
DA:9,24
DA:11,0
DA:12,0
DA:19,0
DA:21,0
DA:22,0
DA:24,0
DA:25,0
DA:28,0
DA:29,0
DA:30,0
DA:32,0
DA:34,0
DA:42,0
DA:43,0
DA:45,0
DA:52,0
DA:53,0
DA:58,0
DA:59,0
DA:60,0
DA:66,0
DA:67,0
DA:69,0
DA:70,0
DA:71,0
DA:86,0
DA:87,0
DA:95,0
DA:96,0
DA:98,0
DA:99,0
DA:100,0
DA:102,0
DA:103,0
LF:35
LH:1
end_of_record
SF:lib\src\presentation\pages\auth\login_page.dart
DA:9,24
DA:11,0
DA:12,0
DA:20,0
DA:22,0
DA:23,0
DA:25,0
DA:26,0
DA:29,0
DA:30,0
DA:31,0
DA:33,0
DA:35,0
DA:37,0
DA:45,0
DA:46,0
DA:48,0
DA:55,0
DA:56,0
DA:61,0
DA:62,0
DA:63,0
DA:69,0
DA:70,0
DA:77,0
DA:78,0
DA:79,0
DA:85,0
DA:86,0
DA:88,0
DA:89,0
DA:90,0
DA:105,0
DA:106,0
DA:114,0
DA:115,0
DA:116,0
DA:117,0
DA:119,0
DA:120,0
DA:121,0
DA:122,0
DA:124,0
DA:130,0
DA:131,0
DA:133,0
LF:46
LH:1
end_of_record
SF:lib\src\presentation\pages\auth\register_page.dart
DA:13,24
DA:15,0
DA:16,0
DA:25,0
DA:27,0
DA:28,0
DA:31,0
DA:33,0
DA:34,0
DA:36,0
DA:37,0
DA:40,0
DA:41,0
DA:42,0
DA:44,0
DA:46,0
DA:48,0
DA:50,0
DA:52,0
DA:54,0
DA:56,0
DA:58,0
DA:60,0
DA:62,0
DA:64,0
DA:66,0
DA:68,0
DA:76,0
DA:77,0
DA:79,0
DA:86,0
DA:87,0
DA:92,0
DA:96,0
DA:97,0
DA:104,0
DA:105,0
DA:106,0
DA:112,0
DA:113,0
DA:117,0
DA:119,0
DA:120,0
DA:121,0
DA:126,0
DA:127,0
DA:131,0
DA:135,0
DA:136,0
DA:140,0
DA:144,0
DA:145,0
DA:150,0
DA:151,0
DA:152,0
DA:153,0
DA:154,0
DA:155,0
DA:156,0
DA:164,0
DA:165,0
DA:169,0
DA:171,0
DA:172,0
DA:173,0
DA:178,0
DA:179,0
DA:183,0
DA:187,0
DA:188,0
DA:192,0
DA:196,0
DA:197,0
DA:201,0
DA:203,0
DA:204,0
DA:205,0
DA:210,0
DA:211,0
DA:212,0
DA:213,0
DA:214,0
DA:215,0
DA:216,0
DA:219,0
DA:220,0
DA:221,0
DA:222,0
DA:223,0
DA:224,0
DA:242,0
DA:243,0
DA:244,0
DA:245,0
DA:246,0
DA:247,0
DA:248,0
DA:251,0
DA:252,0
DA:253,0
DA:254,0
DA:255,0
DA:256,0
DA:275,0
DA:276,0
DA:278,0
DA:279,0
DA:280,0
DA:281,0
DA:282,0
DA:283,0
DA:284,0
DA:285,0
DA:286,0
DA:287,0
DA:288,0
DA:289,0
DA:290,0
DA:291,0
DA:306,0
DA:308,0
DA:309,0
DA:310,0
DA:311,0
DA:321,0
DA:322,0
DA:324,0
DA:325,0
DA:326,0
DA:328,0
DA:329,0
LF:131
LH:1
end_of_record
SF:lib\src\presentation\pages\boot_page.dart
DA:13,24
DA:15,0
DA:16,0
DA:27,0
DA:29,0
DA:30,0
DA:33,0
DA:34,0
DA:35,0
DA:36,0
DA:37,0
DA:38,0
DA:39,0
DA:40,0
DA:42,0
DA:43,0
DA:48,0
LF:17
LH:1
end_of_record
SF:lib\src\presentation\pages\main\available_donations_page.dart
DA:14,24
DA:16,0
DA:17,0
DA:26,0
DA:28,0
DA:29,0
DA:32,0
DA:34,0
DA:35,0
DA:36,0
DA:39,0
DA:41,0
DA:42,0
DA:43,0
DA:44,0
DA:45,0
DA:46,0
DA:47,0
DA:48,0
DA:49,0
DA:50,0
DA:52,0
DA:58,0
DA:59,0
DA:60,0
DA:62,0
DA:64,0
DA:65,0
DA:66,0
DA:67,0
DA:68,0
DA:69,0
DA:81,0
DA:82,0
DA:83,0
DA:84,0
DA:85,0
DA:87,0
DA:88,0
DA:89,0
DA:90,0
DA:91,0
DA:102,0
DA:103,0
DA:105,0
DA:106,0
DA:107,0
DA:108,0
DA:109,0
DA:110,0
DA:111,0
DA:119,0
DA:121,0
DA:122,0
DA:124,0
DA:131,0
DA:132,0
DA:133,0
DA:135,0
DA:136,0
DA:137,0
DA:138,0
DA:139,0
DA:140,0
DA:141,0
DA:142,0
DA:144,0
DA:146,0
DA:148,0
DA:149,0
DA:150,0
DA:151,0
DA:152,0
DA:157,0
DA:164,0
DA:169,0
DA:171,0
DA:172,0
DA:173,0
DA:174,0
DA:175,0
LF:81
LH:1
end_of_record
SF:lib\src\presentation\pages\main\donate_page.dart
DA:13,24
DA:15,0
DA:16,0
DA:24,0
DA:26,0
DA:27,0
DA:29,0
DA:30,0
DA:32,0
DA:33,0
DA:35,0
DA:37,0
DA:39,0
DA:41,0
DA:49,0
DA:50,0
DA:51,0
DA:59,0
DA:60,0
DA:62,0
DA:63,0
DA:64,0
DA:65,0
DA:66,0
DA:67,0
DA:72,0
DA:73,0
DA:74,0
DA:81,0
DA:82,0
DA:83,0
DA:87,0
DA:89,0
DA:90,0
DA:91,0
DA:93,0
DA:94,0
DA:96,0
DA:99,0
DA:101,0
DA:104,0
DA:105,0
DA:107,0
DA:108,0
DA:124,0
DA:125,0
DA:127,0
DA:128,0
DA:129,0
DA:130,0
DA:134,0
DA:139,0
DA:140,0
DA:141,0
DA:142,0
DA:146,0
DA:148,0
DA:164,0
DA:165,0
DA:169,0
DA:170,0
DA:173,0
DA:174,0
DA:175,0
DA:180,0
DA:181,0
DA:183,0
DA:184,0
DA:185,0
DA:186,0
DA:187,0
DA:188,0
DA:189,0
DA:190,0
DA:205,0
DA:206,0
LF:76
LH:1
end_of_record
SF:lib\src\presentation\pages\main\my_donations_page.dart
DA:15,24
DA:17,0
DA:18,0
DA:26,0
DA:28,0
DA:29,0
DA:30,0
DA:33,0
DA:35,0
DA:36,0
DA:37,0
DA:39,0
DA:43,0
DA:44,0
DA:45,0
DA:46,0
DA:47,0
DA:56,0
DA:57,0
DA:59,0
DA:60,0
DA:61,0
DA:62,0
DA:63,0
DA:64,0
DA:65,0
DA:73,0
DA:75,0
DA:76,0
DA:78,0
DA:85,0
DA:86,0
DA:87,0
DA:89,0
DA:90,0
DA:91,0
DA:92,0
DA:93,0
DA:94,0
DA:95,0
DA:96,0
DA:97,0
DA:98,0
DA:100,0
DA:101,0
DA:102,0
DA:103,0
DA:108,0
DA:117,0
DA:118,0
DA:119,0
DA:120,0
DA:121,0
DA:122,0
DA:124,0
DA:125,0
DA:126,0
DA:127,0
DA:128,0
DA:129,0
DA:136,0
DA:137,0
DA:138,0
DA:139,0
DA:141,0
DA:142,0
DA:143,0
DA:144,0
DA:145,0
DA:146,0
LF:70
LH:1
end_of_record
SF:lib\src\presentation\pages\main\requested_donations_page.dart
DA:15,24
DA:17,0
DA:18,0
DA:27,0
DA:29,0
DA:30,0
DA:33,0
DA:35,0
DA:36,0
DA:37,0
DA:40,0
DA:42,0
DA:43,0
DA:44,0
DA:45,0
DA:46,0
DA:47,0
DA:48,0
DA:49,0
DA:50,0
DA:51,0
DA:53,0
DA:57,0
DA:58,0
DA:59,0
DA:61,0
DA:63,0
DA:64,0
DA:65,0
DA:66,0
DA:67,0
DA:68,0
DA:80,0
DA:81,0
DA:82,0
DA:83,0
DA:84,0
DA:86,0
DA:87,0
DA:88,0
DA:89,0
DA:90,0
DA:101,0
DA:102,0
DA:104,0
DA:105,0
DA:106,0
DA:107,0
DA:108,0
DA:109,0
DA:110,0
DA:118,0
DA:120,0
DA:121,0
DA:123,0
DA:130,0
DA:131,0
DA:132,0
DA:134,0
DA:135,0
DA:136,0
DA:137,0
DA:138,0
DA:139,0
DA:140,0
DA:141,0
DA:143,0
DA:145,0
DA:147,0
DA:148,0
DA:149,0
DA:150,0
DA:151,0
DA:156,0
DA:163,0
DA:168,0
DA:169,0
DA:170,0
DA:171,0
DA:172,0
DA:174,0
DA:175,0
DA:176,0
DA:177,0
DA:178,0
DA:179,0
DA:186,0
DA:187,0
DA:188,0
DA:189,0
DA:191,0
DA:192,0
DA:193,0
DA:194,0
DA:195,0
DA:196,0
LF:96
LH:1
end_of_record
SF:lib\src\presentation\pages\main_page.dart
DA:12,24
DA:14,0
DA:15,0
DA:23,0
DA:25,0
DA:26,0
DA:27,0
DA:29,0
DA:31,0
DA:32,0
DA:35,0
DA:36,0
DA:37,0
DA:38,0
DA:39,0
DA:42,0
DA:43,0
DA:44,0
DA:45,0
DA:48,0
DA:49,0
DA:52,0
DA:53,0
DA:54,0
DA:59,0
DA:60,0
DA:61,0
DA:62,0
DA:63,0
DA:64,0
DA:66,0
DA:67,0
DA:68,0
LF:33
LH:1
end_of_record
SF:lib\src\presentation\pages\status\denied_page.dart
DA:8,24
DA:10,0
DA:11,0
DA:17,0
DA:19,0
DA:20,0
DA:21,0
DA:23,0
DA:24,0
DA:26,0
DA:27,0
DA:32,0
DA:33,0
LF:13
LH:1
end_of_record
SF:lib\src\presentation\pages\status\waiting_page.dart
DA:8,24
DA:10,0
DA:11,0
DA:17,0
DA:19,0
DA:20,0
DA:21,0
DA:23,0
DA:24,0
DA:26,0
DA:27,0
DA:33,0
DA:34,0
LF:13
LH:1
end_of_record
SF:lib\src\presentation\stores\cities_store.g.dart
DA:15,0
DA:17,0
DA:18,0
DA:21,0
DA:23,0
DA:24,0
DA:31,0
DA:33,0
DA:36,0
DA:38,0
DA:42,0
DA:45,0
DA:46,0
LF:13
LH:0
end_of_record
SF:lib\src\presentation\stores\cities_store.dart
DA:17,0
DA:22,0
DA:24,0
DA:25,0
DA:27,0
DA:29,0
DA:30,0
DA:31,0
LF:8
LH:0
end_of_record
SF:lib\src\presentation\stores\donation_store.g.dart
DA:15,0
DA:17,0
DA:18,0
DA:21,0
DA:23,0
DA:24,0
DA:31,0
DA:33,0
DA:34,0
DA:37,0
DA:39,0
DA:40,0
DA:47,0
DA:49,0
DA:50,0
DA:53,0
DA:55,0
DA:56,0
DA:63,0
DA:65,0
DA:66,0
DA:69,0
DA:71,0
DA:72,0
DA:79,0
DA:81,0
DA:82,0
DA:85,0
DA:87,0
DA:88,0
DA:95,0
DA:97,0
DA:103,0
DA:105,0
DA:106,0
DA:112,0
DA:114,0
DA:115,0
DA:118,0
DA:121,0
DA:122,0
DA:123,0
DA:124,0
DA:125,0
DA:126,0
LF:45
LH:0
end_of_record
SF:lib\src\presentation\stores\donation_store.dart
DA:22,0
DA:43,0
DA:45,0
DA:47,0
DA:48,0
DA:49,0
DA:50,0
DA:52,0
DA:55,0
DA:58,0
DA:61,0
DA:64,0
DA:66,0
DA:67,0
DA:70,0
DA:72,0
DA:73,0
LF:17
LH:0
end_of_record
SF:lib\src\presentation\stores\donations_store.g.dart
DA:15,0
DA:17,0
DA:18,0
DA:21,0
DA:23,0
DA:24,0
DA:31,0
DA:33,0
DA:34,0
DA:37,0
DA:39,0
DA:40,0
DA:47,0
DA:49,0
DA:50,0
DA:53,0
DA:55,0
DA:56,0
DA:63,0
DA:65,0
DA:66,0
DA:73,0
DA:75,0
DA:76,0
DA:83,0
DA:85,0
DA:86,0
DA:93,0
DA:95,0
DA:96,0
DA:103,0
DA:105,0
DA:106,0
DA:112,0
DA:114,0
DA:117,0
DA:119,0
DA:123,0
DA:126,0
DA:127,0
DA:128,0
DA:129,0
LF:42
LH:0
end_of_record
SF:lib\src\presentation\stores\donations_store.dart
DA:32,0
DA:52,0
DA:54,0
DA:55,0
DA:57,0
DA:59,0
DA:60,0
DA:61,0
DA:63,0
DA:64,0
DA:66,0
DA:67,0
DA:72,0
DA:74,0
DA:75,0
DA:78,0
DA:80,0
DA:83,0
DA:85,0
DA:88,0
DA:90,0
DA:93,0
DA:95,0
LF:23
LH:0
end_of_record
SF:lib\src\presentation\stores\user_info_store.dart
DA:45,0
DA:46,0
DA:48,0
DA:49,0
DA:50,0
DA:51,0
DA:52,0
DA:53,0
DA:54,0
DA:55,0
DA:56,0
DA:57,0
DA:58,0
LF:13
LH:0
end_of_record
SF:lib\src\presentation\stores\user_info_store.g.dart
DA:14,0
DA:16,0
DA:18,0
DA:23,0
DA:25,0
DA:26,0
DA:29,0
DA:31,0
DA:32,0
DA:39,0
DA:41,0
DA:42,0
DA:45,0
DA:47,0
DA:48,0
DA:55,0
DA:57,0
DA:58,0
DA:61,0
DA:63,0
DA:64,0
DA:71,0
DA:73,0
DA:74,0
DA:77,0
DA:79,0
DA:80,0
DA:87,0
DA:89,0
DA:90,0
DA:93,0
DA:95,0
DA:96,0
DA:103,0
DA:105,0
DA:106,0
DA:109,0
DA:111,0
DA:112,0
DA:119,0
DA:121,0
DA:122,0
DA:125,0
DA:127,0
DA:128,0
DA:135,0
DA:137,0
DA:138,0
DA:141,0
DA:143,0
DA:144,0
DA:151,0
DA:153,0
DA:154,0
DA:157,0
DA:159,0
DA:160,0
DA:167,0
DA:169,0
DA:170,0
DA:173,0
DA:175,0
DA:176,0
DA:183,0
DA:185,0
DA:186,0
DA:189,0
DA:191,0
DA:192,0
DA:196,0
DA:199,0
DA:200,0
DA:201,0
DA:202,0
DA:203,0
DA:204,0
DA:205,0
DA:206,0
DA:207,0
DA:208,0
DA:209,0
DA:210,0
DA:211,0
LF:83
LH:0
end_of_record
SF:lib\src\presentation\stores\user_infos_store.g.dart
DA:15,0
DA:17,0
DA:18,0
DA:21,0
DA:23,0
DA:24,0
DA:31,0
DA:33,0
DA:34,0
DA:37,0
DA:39,0
DA:40,0
DA:47,0
DA:49,0
DA:50,0
DA:53,0
DA:55,0
DA:56,0
DA:63,0
DA:65,0
DA:66,0
DA:72,0
DA:74,0
DA:75,0
DA:81,0
DA:83,0
DA:86,0
DA:88,0
DA:92,0
DA:94,0
DA:97,0
DA:99,0
DA:103,0
DA:105,0
DA:108,0
DA:110,0
DA:114,0
DA:117,0
DA:118,0
DA:119,0
DA:120,0
LF:41
LH:0
end_of_record
SF:lib\src\presentation\stores\user_infos_store.dart
DA:26,0
DA:43,0
DA:45,0
DA:46,0
DA:48,0
DA:50,0
DA:51,0
DA:52,0
DA:54,0
DA:55,0
DA:57,0
DA:58,0
DA:63,0
DA:65,0
DA:68,0
DA:70,0
DA:73,0
DA:75,0
DA:78,0
DA:80,0
LF:20
LH:0
end_of_record
SF:lib\src\data\dtos\city_dto.dart
DA:4,1
DA:5,1
DA:6,1
DA:7,1
DA:11,2
DA:12,2
DA:13,2
DA:14,2
LF:8
LH:8
end_of_record
SF:lib\src\domain\entities\city.dart
DA:7,6
DA:12,1
DA:13,1
DA:14,1
DA:15,1
LF:5
LH:5
end_of_record
SF:lib\src\data\dtos\donation_dto.dart
DA:6,2
DA:7,2
DA:8,2
DA:9,2
DA:10,2
DA:11,2
DA:12,2
DA:13,2
DA:14,2
DA:15,2
DA:19,2
DA:20,2
DA:21,2
DA:22,2
DA:23,2
DA:24,2
DA:25,2
DA:26,2
DA:27,2
DA:28,2
DA:29,4
DA:30,2
DA:31,4
LF:23
LH:23
end_of_record
SF:lib\src\domain\entities\donation.dart
DA:17,6
DA:29,1
DA:30,1
DA:31,1
DA:32,1
DA:33,1
DA:34,1
DA:35,1
DA:36,1
DA:37,1
DA:38,1
DA:39,1
LF:12
LH:12
end_of_record
SF:lib\src\data\dtos\firebase_dto.dart
DA:4,3
DA:5,15
LF:2
LH:2
end_of_record
SF:lib\src\data\dtos\user_dto.dart
DA:4,1
DA:5,1
DA:6,1
DA:7,1
DA:11,1
DA:12,1
DA:13,1
DA:14,1
LF:8
LH:8
end_of_record
SF:lib\src\domain\entities\user.dart
DA:7,7
DA:12,2
DA:13,2
DA:14,2
DA:15,2
LF:5
LH:5
end_of_record
SF:lib\src\data\dtos\user_info_dto.dart
DA:4,2
DA:5,2
DA:6,2
DA:7,2
DA:8,2
DA:9,2
DA:10,2
DA:11,2
DA:12,2
DA:13,2
DA:14,2
DA:15,2
DA:16,2
DA:17,2
DA:18,4
DA:22,2
DA:23,2
DA:24,2
DA:25,2
DA:26,2
DA:27,2
DA:28,2
DA:29,2
DA:30,2
DA:31,2
DA:32,2
DA:33,2
DA:34,2
DA:35,2
DA:36,2
DA:37,2
DA:38,8
LF:32
LH:32
end_of_record
SF:lib\src\domain\entities\user_info.dart
DA:22,7
DA:39,1
DA:40,1
DA:41,1
DA:42,1
DA:43,1
DA:44,1
DA:45,1
DA:46,1
DA:47,1
DA:48,1
DA:49,1
DA:50,1
DA:51,1
DA:52,1
DA:53,1
DA:54,1
LF:17
LH:17
end_of_record
SF:lib\src\domain\dtos\city_dto.dart
DA:4,1
DA:8,1
DA:9,1
DA:10,1
DA:14,4
LF:5
LH:5
end_of_record
SF:lib\src\domain\dtos\donation_dto.dart
DA:6,1
DA:17,1
DA:18,1
DA:19,1
DA:20,1
DA:21,1
DA:22,1
DA:24,1
DA:25,1
DA:26,1
DA:27,1
DA:28,1
DA:32,1
DA:34,4
DA:35,3
DA:37,1
DA:40,1
DA:41,1
DA:42,2
DA:43,1
DA:45,1
DA:47,1
LF:22
LH:22
end_of_record
SF:lib\src\domain\dtos\user_dto.dart
DA:4,1
DA:8,1
DA:9,1
DA:10,1
LF:4
LH:4
end_of_record
SF:lib\src\domain\dtos\user_info_dto.dart
DA:4,1
DA:20,1
DA:21,1
DA:22,1
DA:23,1
DA:24,1
DA:25,1
DA:26,1
DA:27,1
DA:28,1
DA:29,1
DA:30,1
DA:31,1
DA:32,1
DA:33,1
DA:34,1
LF:16
LH:16
end_of_record
SF:lib\src\presentation\dialogs\cancel_reason_dialog.dart
DA:3,0
DA:7,0
DA:9,0
DA:16,0
DA:18,0
DA:19,0
DA:25,0
DA:26,0
DA:27,0
DA:31,0
DA:33,0
DA:35,0
DA:36,0
DA:37,0
DA:39,0
DA:42,0
DA:47,0
DA:48,0
DA:49,0
DA:52,0
DA:53,0
DA:55,0
DA:56,0
DA:57,0
DA:59,0
LF:25
LH:0
end_of_record
SF:lib\src\presentation\dialogs\city_select_dialog.dart
DA:8,0
DA:12,0
DA:14,0
DA:21,0
DA:23,0
DA:24,0
DA:31,0
DA:33,0
DA:34,0
DA:37,0
DA:39,0
DA:40,0
DA:42,0
DA:45,0
DA:48,0
DA:50,0
DA:51,0
DA:52,0
DA:53,0
DA:54,0
DA:55,0
DA:57,0
DA:58,0
DA:60,0
DA:62,0
DA:63,0
DA:64,0
DA:65,0
DA:66,0
DA:67,0
DA:68,0
DA:69,0
DA:77,0
DA:78,0
DA:79,0
DA:82,0
DA:83,0
DA:84,0
DA:85,0
DA:93,0
DA:94,0
DA:95,0
DA:96,0
DA:97,0
DA:99,0
DA:100,0
DA:101,0
DA:102,0
DA:103,0
LF:49
LH:0
end_of_record
SF:lib\src\presentation\dialogs\no_connection_dialog.dart
DA:3,0
DA:4,0
DA:6,0
DA:11,24
DA:13,0
DA:15,0
DA:25,0
DA:26,0
DA:27,0
LF:9
LH:1
end_of_record
SF:lib\src\presentation\dialogs\user_info_dialog.dart
DA:5,0
DA:9,0
DA:11,0
DA:18,0
DA:20,0
DA:22,0
DA:23,0
DA:24,0
DA:25,0
DA:27,0
DA:28,0
DA:29,0
DA:30,0
DA:31,0
DA:32,0
DA:33,0
DA:34,0
DA:38,0
DA:39,0
DA:40,0
LF:20
LH:0
end_of_record
