SF:lib\core\extensions\string.dart
DA:4,2
DA:5,4
DA:6,4
DA:8,2
DA:11,1
DA:12,1
DA:13,2
DA:15,2
DA:16,2
DA:18,2
DA:19,2
DA:21,2
DA:22,1
LF:13
LH:13
end_of_record
SF:lib\core\extensions\date_time.dart
DA:4,1
DA:5,2
LF:2
LH:2
end_of_record
SF:lib\core\errors\failures.dart
DA:3,23
DA:7,2
DA:9,2
DA:13,2
DA:15,2
DA:19,2
DA:21,2
DA:25,2
DA:27,2
DA:31,1
DA:33,1
DA:37,2
DA:39,2
DA:43,2
DA:45,2
DA:49,5
DA:51,5
DA:55,3
DA:58,3
DA:62,1
DA:65,1
DA:69,3
DA:72,3
DA:76,2
DA:78,2
DA:82,3
DA:84,3
LF:27
LH:27
end_of_record
SF:lib\core\input_formatters.dart
DA:4,0
DA:7,0
DA:10,0
DA:18,0
DA:19,0
DA:21,0
DA:25,0
DA:30,0
DA:31,0
DA:32,0
DA:33,0
DA:34,0
DA:36,0
DA:39,0
LF:14
LH:0
end_of_record
SF:lib\firebase_options.dart
DA:18,0
DA:22,0
DA:23,0
DA:25,0
DA:27,0
DA:29,0
DA:30,0
DA:34,0
DA:35,0
DA:40,0
LF:10
LH:0
end_of_record
SF:lib\injector.dart
DA:64,21
DA:65,14
DA:67,7
DA:69,7
DA:70,7
DA:71,7
DA:72,7
DA:73,7
DA:74,7
DA:75,7
DA:79,7
DA:80,14
DA:82,7
DA:83,14
DA:86,7
DA:87,14
DA:88,0
DA:90,14
DA:91,0
DA:93,14
DA:94,0
DA:98,7
DA:99,14
DA:100,0
DA:102,14
DA:103,0
DA:107,7
DA:108,14
DA:109,0
DA:111,14
DA:112,0
DA:114,14
DA:115,0
DA:117,14
DA:118,0
DA:120,14
DA:121,0
DA:125,7
DA:126,14
DA:127,0
DA:129,14
DA:130,0
DA:132,14
DA:133,0
DA:135,14
DA:136,0
DA:140,7
DA:141,14
DA:142,0
DA:144,14
DA:145,0
DA:147,14
DA:148,0
DA:150,14
DA:151,0
DA:153,14
DA:154,0
DA:156,14
DA:157,0
DA:159,14
DA:160,0
DA:162,14
DA:163,0
DA:165,14
DA:166,0
DA:168,14
DA:169,0
DA:171,14
DA:172,0
DA:174,14
DA:175,0
DA:177,14
DA:178,0
DA:180,14
DA:181,0
DA:183,14
DA:184,0
DA:186,14
DA:187,0
DA:189,14
DA:190,0
DA:192,14
DA:193,0
DA:195,14
DA:196,0
DA:198,14
DA:199,0
DA:201,14
DA:202,0
DA:204,14
DA:205,0
DA:207,14
DA:208,0
DA:210,14
DA:211,0
DA:213,14
DA:214,0
DA:216,14
DA:217,0
DA:219,14
DA:220,0
DA:224,7
DA:225,14
DA:226,0
DA:228,14
DA:229,0
DA:231,14
DA:232,0
DA:236,7
DA:237,14
DA:238,0
DA:240,14
DA:241,0
DA:243,14
DA:244,0
DA:246,14
DA:247,0
DA:249,14
DA:250,0
LF:119
LH:70
end_of_record
SF:lib\main.dart
DA:15,0
DA:16,0
DA:18,0
DA:20,0
DA:21,0
DA:24,0
DA:26,0
DA:27,0
DA:28,0
DA:29,0
DA:31,0
DA:33,0
DA:34,0
DA:35,0
DA:37,0
DA:38,0
DA:39,0
DA:40,0
DA:42,0
DA:45,0
LF:20
LH:0
end_of_record
SF:lib\router.dart
DA:15,0
DA:16,0
DA:18,0
DA:20,0
DA:22,0
DA:23,0
DA:25,0
DA:27,0
DA:29,0
DA:32,0
DA:34,0
DA:37,0
DA:39,0
DA:42,0
DA:44,0
DA:47,0
DA:49,0
DA:52,0
DA:54,0
LF:19
LH:0
end_of_record
SF:lib\src\data\dtos\city_dto.dart
DA:4,1
DA:5,1
DA:6,1
DA:7,1
DA:11,2
DA:12,2
DA:13,2
DA:14,2
LF:8
LH:8
end_of_record
SF:lib\src\data\dtos\donation_dto.dart
DA:6,2
DA:7,2
DA:8,2
DA:9,2
DA:10,2
DA:11,2
DA:12,2
DA:13,2
DA:14,2
DA:15,2
DA:19,2
DA:20,2
DA:21,2
DA:22,2
DA:23,2
DA:24,2
DA:25,2
DA:26,2
DA:27,2
DA:28,2
DA:29,4
DA:30,2
DA:31,4
LF:23
LH:23
end_of_record
SF:lib\src\data\dtos\firebase_dto.dart
DA:4,3
DA:5,15
LF:2
LH:2
end_of_record
SF:lib\src\data\dtos\user_dto.dart
DA:4,2
DA:5,2
DA:6,2
DA:7,2
DA:8,2
DA:9,2
DA:10,2
DA:11,2
DA:12,2
DA:13,2
DA:14,2
DA:15,2
DA:16,2
DA:17,2
DA:18,4
DA:22,2
DA:23,2
DA:24,2
DA:25,2
DA:26,2
DA:27,2
DA:28,2
DA:29,2
DA:30,2
DA:31,2
DA:32,2
DA:33,2
DA:34,2
DA:35,2
DA:36,2
DA:37,2
DA:38,8
LF:32
LH:32
end_of_record
SF:lib\src\data\repositories\local\json_city_local_repo.dart
DA:10,1
DA:12,2
DA:13,2
DA:14,2
LF:4
LH:4
end_of_record
SF:lib\src\data\repositories\remote\firebase_auth_remote_repo.dart
DA:9,1
DA:11,1
DA:14,2
DA:19,3
DA:20,1
DA:21,1
DA:22,1
DA:23,1
DA:24,1
DA:25,1
DA:26,1
DA:27,1
DA:30,1
DA:32,1
DA:35,1
DA:38,2
DA:43,3
DA:44,1
DA:45,1
DA:46,1
DA:47,1
DA:48,1
DA:49,1
DA:52,1
DA:53,1
DA:56,1
DA:58,1
DA:61,1
DA:64,2
DA:67,1
DA:68,1
DA:69,1
DA:70,1
DA:73,1
DA:74,1
DA:79,1
DA:83,1
DA:86,2
DA:89,1
DA:93,1
DA:95,2
DA:97,3
DA:99,1
DA:102,1
DA:104,4
DA:105,1
LF:46
LH:46
end_of_record
SF:lib\src\data\repositories\remote\firebase_donation_remote_repo.dart
DA:12,1
DA:14,3
DA:16,1
DA:19,1
DA:20,2
DA:21,2
DA:22,1
DA:26,1
DA:30,1
DA:33,3
DA:34,2
DA:38,1
DA:42,1
DA:44,6
DA:45,1
DA:46,3
DA:47,1
DA:48,1
LF:18
LH:18
end_of_record
SF:lib\src\data\repositories\remote\firebase_file_remote_repo.dart
DA:12,1
DA:14,1
DA:17,1
DA:18,3
DA:19,1
DA:21,2
DA:23,1
DA:27,1
DA:30,2
DA:31,1
DA:35,1
LF:11
LH:11
end_of_record
SF:lib\src\data\repositories\remote\firebase_user_remote_repo.dart
DA:12,1
DA:14,3
DA:16,1
DA:19,2
DA:20,1
DA:21,1
DA:22,1
DA:26,1
DA:30,1
DA:33,3
DA:34,2
DA:38,1
DA:42,1
DA:45,3
DA:46,2
DA:50,1
DA:54,1
DA:56,6
DA:57,1
DA:58,3
LF:20
LH:20
end_of_record
SF:lib\src\data\services\asuka_notification_service.dart
DA:6,1
DA:8,2
DA:11,1
DA:13,2
LF:4
LH:4
end_of_record
SF:lib\src\data\services\connectivity_network_service.dart
DA:14,1
DA:16,1
DA:19,1
DA:21,1
DA:25,1
DA:26,1
DA:29,2
DA:30,1
DA:37,1
DA:38,2
DA:39,1
DA:40,1
DA:41,1
DA:44,1
DA:48,1
DA:49,4
LF:16
LH:16
end_of_record
SF:lib\src\data\services\go_router_navigation_service.dart
DA:10,2
DA:11,1
DA:13,1
DA:14,1
DA:17,1
DA:19,2
DA:21,2
DA:23,2
DA:27,1
DA:29,2
DA:30,4
DA:33,1
DA:35,2
LF:13
LH:13
end_of_record
SF:lib\src\data\services\image_picker_photo_service.dart
DA:11,1
DA:13,1
DA:15,1
DA:18,1
DA:20,1
DA:23,1
DA:25,2
DA:27,2
DA:30,1
LF:9
LH:9
end_of_record
SF:lib\src\domain\dtos\city_dto.dart
DA:4,1
DA:8,1
DA:9,1
DA:10,1
DA:14,8
LF:5
LH:5
end_of_record
SF:lib\src\domain\dtos\donation_dto.dart
DA:6,6
DA:17,6
DA:18,6
DA:19,6
DA:20,5
DA:21,5
DA:22,6
DA:24,4
DA:25,6
DA:26,5
DA:27,5
DA:28,6
DA:32,2
DA:34,8
DA:35,6
DA:37,2
DA:40,1
DA:41,1
DA:42,2
DA:43,1
DA:45,1
DA:47,1
LF:22
LH:22
end_of_record
SF:lib\src\domain\dtos\user_dto.dart
DA:4,4
DA:20,4
DA:21,3
DA:22,4
DA:23,4
DA:24,4
DA:25,4
DA:26,4
DA:27,4
DA:28,4
DA:29,4
DA:30,4
DA:31,4
DA:32,4
DA:33,4
DA:34,2
LF:16
LH:16
end_of_record
SF:lib\src\domain\entities\city.dart
DA:7,8
DA:12,2
DA:13,2
DA:14,2
DA:15,2
LF:5
LH:5
end_of_record
SF:lib\src\domain\entities\donation.dart
DA:17,17
DA:29,10
DA:30,10
DA:31,10
DA:32,10
DA:33,10
DA:34,10
DA:35,10
DA:36,10
DA:37,10
DA:38,10
LF:11
LH:11
end_of_record
SF:lib\src\domain\entities\user.dart
DA:22,25
DA:39,7
DA:40,7
DA:41,7
DA:42,7
DA:43,7
DA:44,7
DA:45,7
DA:46,7
DA:47,7
DA:48,7
DA:49,7
DA:50,7
DA:51,7
DA:52,7
DA:53,7
DA:54,7
LF:17
LH:17
end_of_record
SF:lib\src\domain\usecases\auth\do_login.dart
DA:12,1
DA:14,1
DA:16,2
DA:17,2
DA:23,2
DA:24,2
DA:27,1
DA:28,3
LF:8
LH:8
end_of_record
SF:lib\src\domain\usecases\auth\do_logout.dart
DA:9,1
DA:11,1
DA:13,2
DA:16,1
DA:17,3
LF:5
LH:5
end_of_record
SF:lib\src\domain\usecases\auth\do_register.dart
DA:13,1
DA:15,1
DA:17,1
DA:18,1
DA:19,1
DA:23,1
DA:24,1
DA:25,1
DA:29,2
DA:31,1
DA:35,2
DA:38,1
DA:39,3
LF:13
LH:13
end_of_record
SF:lib\src\domain\usecases\auth\get_current_user.dart
DA:12,1
DA:14,1
DA:15,2
DA:20,2
DA:23,1
DA:24,3
LF:6
LH:6
end_of_record
SF:lib\src\domain\usecases\auth\send_password_reset_email.dart
DA:9,1
DA:11,1
DA:13,1
DA:14,1
DA:15,1
DA:19,2
DA:21,2
DA:25,1
DA:26,3
LF:9
LH:9
end_of_record
SF:lib\src\domain\usecases\cities\get_cities.dart
DA:7,1
DA:9,1
DA:10,4
DA:13,1
DA:14,5
LF:5
LH:5
end_of_record
SF:lib\src\domain\usecases\cities\get_city_names.dart
DA:8,1
DA:10,1
DA:11,6
DA:14,1
DA:15,4
DA:18,1
DA:19,3
LF:7
LH:7
end_of_record
SF:lib\src\domain\usecases\donations\create_donation.dart
DA:17,1
DA:24,1
DA:29,2
DA:32,2
DA:35,2
DA:39,1
DA:44,2
DA:46,2
DA:49,1
DA:50,3
LF:10
LH:10
end_of_record
SF:lib\src\domain\usecases\donations\get_available_donations.dart
DA:8,1
DA:10,1
DA:11,6
DA:14,1
DA:16,3
DA:17,3
DA:18,3
DA:19,1
DA:22,1
DA:23,1
LF:10
LH:10
end_of_record
SF:lib\src\domain\usecases\donations\get_donation_photo_url.dart
DA:10,1
DA:12,1
DA:14,1
DA:20,2
DA:23,1
DA:24,3
LF:6
LH:6
end_of_record
SF:lib\src\domain\usecases\donations\get_my_donations.dart
DA:9,1
DA:11,1
DA:12,1
DA:13,1
DA:14,1
DA:15,2
DA:16,2
DA:19,1
DA:20,2
DA:22,1
DA:24,5
DA:27,1
DA:28,1
LF:13
LH:13
end_of_record
SF:lib\src\domain\usecases\donations\get_requested_donations.dart
DA:9,1
DA:11,1
DA:12,1
DA:13,1
DA:14,1
DA:15,2
DA:16,2
DA:19,1
DA:20,2
DA:22,1
DA:25,4
DA:26,1
DA:29,1
DA:30,1
LF:14
LH:14
end_of_record
SF:lib\src\domain\usecases\donations\set_donation_as_canceled.dart
DA:11,1
DA:13,1
DA:15,1
DA:19,2
DA:22,1
DA:23,3
LF:6
LH:6
end_of_record
SF:lib\src\domain\usecases\donations\set_donation_as_delivered.dart
DA:11,1
DA:13,1
DA:15,1
DA:19,2
DA:22,1
DA:23,3
LF:6
LH:6
end_of_record
SF:lib\src\domain\usecases\donations\set_donation_as_requested.dart
DA:13,1
DA:19,1
DA:21,2
DA:24,2
DA:28,1
DA:32,2
DA:35,1
DA:36,3
LF:8
LH:8
end_of_record
SF:lib\src\domain\usecases\donations\set_donation_as_unrequested.dart
DA:11,1
DA:13,1
DA:15,1
DA:19,2
DA:22,1
DA:23,3
LF:6
LH:6
end_of_record
SF:lib\src\domain\usecases\navigation\get_current_route.dart
DA:6,1
DA:8,1
DA:9,2
LF:3
LH:3
end_of_record
SF:lib\src\domain\usecases\navigation\go_back.dart
DA:6,1
DA:8,1
DA:9,2
LF:3
LH:3
end_of_record
SF:lib\src\domain\usecases\navigation\go_to.dart
DA:6,1
DA:8,1
DA:9,2
LF:3
LH:3
end_of_record
SF:lib\src\domain\usecases\network\get_connection_status.dart
DA:9,1
DA:11,1
DA:12,1
DA:13,2
DA:14,3
DA:17,1
DA:19,2
DA:22,1
DA:23,3
LF:9
LH:9
end_of_record
SF:lib\src\domain\usecases\photo\pick_photo_from_camera.dart
DA:11,1
DA:13,1
DA:15,2
DA:18,1
DA:19,3
LF:5
LH:5
end_of_record
SF:lib\src\domain\usecases\photo\pick_photo_from_gallery.dart
DA:11,1
DA:13,1
DA:15,2
DA:18,1
DA:19,3
LF:5
LH:5
end_of_record
SF:lib\src\domain\usecases\user\get_beneficiaries.dart
DA:7,1
DA:9,1
DA:10,6
DA:13,1
DA:15,3
DA:16,4
DA:17,1
DA:20,1
DA:21,1
LF:9
LH:9
end_of_record
SF:lib\src\domain\usecases\user\get_common_users.dart
DA:7,1
DA:9,1
DA:10,6
DA:13,1
DA:14,4
DA:17,1
DA:18,1
LF:7
LH:7
end_of_record
SF:lib\src\domain\usecases\user\get_donors.dart
DA:7,1
DA:9,1
DA:10,6
DA:13,1
DA:15,3
DA:16,4
DA:17,1
DA:20,1
DA:21,1
LF:9
LH:9
end_of_record
SF:lib\src\domain\usecases\user\get_user_by_id.dart
DA:10,1
DA:12,1
DA:14,2
DA:17,1
DA:18,3
LF:5
LH:5
end_of_record
SF:lib\src\domain\usecases\user\set_user_as_authorized.dart
DA:11,1
DA:13,1
DA:15,1
DA:19,2
DA:22,1
DA:23,3
LF:6
LH:6
end_of_record
SF:lib\src\domain\usecases\user\set_user_as_denied.dart
DA:11,1
DA:13,1
DA:15,1
DA:19,2
DA:22,1
DA:23,3
LF:6
LH:6
end_of_record
SF:lib\src\presentation\controllers\auth_controller.g.dart
DA:14,1
DA:16,4
DA:18,1
DA:21,1
DA:22,4
DA:24,1
DA:27,1
DA:28,4
DA:30,1
DA:33,1
DA:35,4
DA:37,1
DA:40,1
DA:42,4
DA:44,1
DA:47,1
DA:49,4
DA:51,1
DA:53,1
DA:54,2
DA:56,1
DA:58,2
DA:59,1
DA:62,1
DA:64,4
DA:65,1
DA:69,1
DA:70,2
DA:72,1
DA:74,2
DA:75,1
DA:78,1
DA:80,4
DA:81,1
DA:85,1
DA:86,2
DA:88,1
DA:90,4
DA:93,1
DA:94,2
DA:96,1
DA:98,1
DA:99,3
DA:102,1
DA:103,2
DA:105,1
DA:108,2
DA:109,2
DA:112,2
DA:114,1
DA:116,1
DA:118,1
DA:119,3
DA:122,1
DA:123,2
DA:125,1
DA:127,4
DA:130,1
DA:133,1
DA:134,1
DA:135,1
DA:136,1
DA:137,1
DA:138,1
DA:139,1
DA:140,1
DA:141,1
LF:67
LH:67
end_of_record
SF:lib\src\presentation\controllers\auth_controller.dart
DA:23,1
DA:37,1
DA:38,1
DA:40,1
DA:41,3
DA:43,1
DA:44,3
DA:46,1
DA:47,3
DA:49,1
DA:51,3
DA:53,1
DA:54,3
DA:56,1
DA:58,3
DA:61,1
DA:67,1
DA:68,3
DA:69,2
DA:70,1
DA:73,1
DA:80,1
DA:81,3
DA:82,2
DA:83,1
DA:86,1
DA:91,1
DA:92,2
DA:93,1
DA:94,1
DA:97,1
DA:99,1
DA:100,2
DA:102,1
DA:103,1
DA:105,1
LF:36
LH:36
end_of_record
SF:lib\src\presentation\controllers\connection_state_controller.dart
DA:18,1
DA:23,1
DA:25,2
DA:26,2
DA:28,3
DA:29,4
DA:30,1
LF:7
LH:7
end_of_record
SF:lib\src\presentation\controllers\connection_state_controller.g.dart
DA:12,2
DA:13,1
DA:15,1
DA:17,2
DA:18,1
DA:21,1
DA:23,4
DA:24,1
DA:28,1
DA:29,1
DA:30,1
DA:32,1
DA:35,2
DA:38,1
DA:40,2
DA:44,1
DA:47,1
DA:48,1
LF:18
LH:18
end_of_record
SF:lib\src\presentation\controllers\navigation_controller.g.dart
DA:12,1
DA:13,2
DA:15,1
DA:17,2
DA:18,1
DA:21,1
DA:23,4
DA:24,1
DA:28,1
DA:29,2
DA:31,1
DA:33,1
DA:34,1
DA:36,1
DA:38,2
DA:42,1
DA:44,1
DA:45,1
DA:47,1
DA:49,2
DA:53,1
DA:55,1
DA:56,1
DA:58,1
DA:60,2
DA:64,1
DA:67,2
DA:70,1
DA:72,2
DA:76,1
DA:78,1
DA:79,1
DA:81,1
DA:83,2
DA:87,1
DA:89,1
DA:90,1
DA:92,1
DA:94,2
DA:98,1
DA:100,1
DA:101,1
DA:103,1
DA:105,2
DA:109,1
DA:111,1
DA:112,1
DA:114,1
DA:116,2
DA:120,1
DA:123,1
DA:124,1
LF:52
LH:52
end_of_record
SF:lib\src\presentation\controllers\navigation_controller.dart
DA:22,1
DA:31,1
DA:33,2
DA:34,2
DA:36,3
DA:37,4
DA:38,1
DA:43,1
DA:45,2
DA:48,1
DA:50,2
DA:53,1
DA:55,2
DA:58,1
DA:60,2
DA:63,1
DA:65,2
DA:68,1
DA:70,2
DA:73,1
DA:75,2
LF:21
LH:21
end_of_record
SF:lib\src\presentation\dialogs\about_project_dialog.dart
DA:3,1
DA:4,1
DA:6,1
DA:11,34
DA:13,1
DA:15,1
DA:17,1
DA:18,1
DA:20,1
DA:73,1
DA:74,1
DA:75,2
LF:12
LH:12
end_of_record
SF:lib\src\presentation\dialogs\cancel_reason_dialog.dart
DA:3,1
DA:7,1
DA:9,2
DA:16,2
DA:18,1
DA:19,1
DA:25,1
DA:26,2
DA:27,1
DA:31,1
DA:33,1
DA:35,1
DA:36,1
DA:37,1
DA:39,1
DA:42,1
DA:47,1
DA:48,1
DA:49,2
DA:52,1
DA:53,2
DA:55,1
DA:56,4
DA:57,2
LF:24
LH:24
end_of_record
SF:lib\src\presentation\dialogs\city_select_dialog.dart
DA:8,1
DA:12,1
DA:14,2
DA:21,2
DA:23,1
DA:24,1
DA:31,1
DA:33,2
DA:34,1
DA:37,1
DA:39,1
DA:40,1
DA:42,1
DA:45,1
DA:48,1
DA:50,1
DA:51,1
DA:52,3
DA:53,2
DA:54,1
DA:55,4
DA:57,1
DA:58,2
DA:60,1
DA:62,1
DA:63,1
DA:64,1
DA:65,1
DA:66,1
DA:67,1
DA:68,3
DA:69,2
DA:77,1
DA:78,1
DA:79,2
DA:82,1
DA:83,1
DA:84,3
DA:85,2
DA:93,1
DA:94,1
DA:95,1
DA:96,3
DA:97,1
DA:99,3
DA:100,1
DA:101,1
DA:102,2
DA:103,2
LF:49
LH:49
end_of_record
SF:lib\src\presentation\dialogs\donors_dialog.dart
DA:7,1
DA:8,1
DA:10,2
DA:17,2
DA:19,1
DA:21,1
DA:22,1
DA:34,1
DA:35,1
DA:37,1
DA:39,1
DA:41,1
DA:42,1
DA:48,1
DA:49,1
DA:50,2
DA:57,1
DA:58,1
DA:59,1
DA:60,2
DA:62,1
DA:64,1
DA:65,1
DA:66,1
DA:67,1
DA:69,1
DA:70,1
DA:71,2
DA:74,4
DA:75,2
LF:30
LH:30
end_of_record
SF:lib\src\presentation\dialogs\no_connection_dialog.dart
DA:3,2
DA:4,2
DA:6,2
DA:11,34
DA:13,2
DA:15,2
DA:25,2
DA:26,2
DA:27,4
LF:9
LH:9
end_of_record
SF:lib\src\presentation\dialogs\user_info_dialog.dart
DA:5,1
DA:9,1
DA:11,2
DA:18,2
DA:20,1
DA:22,1
DA:23,3
DA:24,1
DA:25,1
DA:27,1
DA:28,4
DA:29,4
DA:30,4
DA:31,4
DA:32,4
DA:33,4
DA:34,4
DA:38,1
DA:39,1
DA:40,2
LF:20
LH:20
end_of_record
SF:lib\src\presentation\guards\auth_guard.dart
DA:9,1
DA:10,2
DA:12,1
LF:3
LH:3
end_of_record
SF:lib\src\presentation\guards\guest_guard.dart
DA:9,1
DA:10,2
DA:12,1
LF:3
LH:3
end_of_record
SF:lib\src\presentation\pages\account\profile_page.dart
DA:11,34
DA:13,0
DA:14,0
DA:21,0
DA:23,0
DA:24,0
DA:28,0
DA:29,0
DA:30,0
DA:32,0
DA:34,0
DA:36,0
DA:37,0
DA:39,0
DA:40,0
DA:41,0
DA:44,0
DA:45,0
DA:50,0
DA:51,0
DA:53,0
DA:54,0
DA:56,0
DA:57,0
DA:59,0
DA:61,0
DA:62,0
DA:63,0
DA:64,0
DA:65,0
DA:66,0
DA:67,0
DA:68,0
DA:69,0
DA:73,0
DA:74,0
DA:78,0
DA:79,0
DA:83,0
DA:84,0
DA:85,0
DA:86,0
LF:42
LH:1
end_of_record
SF:lib\src\presentation\pages\admin\admin_page.dart
DA:11,34
DA:13,0
DA:14,0
DA:20,0
DA:22,0
DA:23,0
DA:24,0
DA:28,0
DA:29,0
DA:32,0
DA:33,0
DA:34,0
DA:36,0
DA:42,0
DA:43,0
DA:44,0
DA:45,0
DA:46,0
DA:57,0
DA:58,0
DA:60,0
DA:61,0
DA:63,0
DA:64,0
DA:65,0
DA:68,0
DA:70,0
DA:71,0
DA:72,0
DA:73,0
DA:74,0
DA:75,0
DA:76,0
DA:77,0
DA:78,0
DA:79,0
DA:80,0
DA:81,0
DA:82,0
DA:83,0
DA:84,0
DA:85,0
DA:86,0
DA:87,0
DA:88,0
DA:89,0
DA:90,0
DA:91,0
DA:92,0
DA:93,0
DA:95,0
DA:97,0
DA:98,0
DA:103,0
DA:104,0
DA:105,0
DA:107,0
DA:109,0
DA:110,0
LF:59
LH:1
end_of_record
SF:lib\src\presentation\pages\auth\forgot_password_page.dart
DA:11,34
DA:13,0
DA:14,0
DA:22,0
DA:24,0
DA:25,0
DA:27,0
DA:28,0
DA:30,0
DA:33,0
DA:34,0
DA:35,0
DA:37,0
DA:39,0
DA:48,0
DA:49,0
DA:51,0
DA:58,0
DA:59,0
DA:64,0
DA:65,0
DA:66,0
DA:72,0
DA:73,0
DA:75,0
DA:76,0
DA:77,0
DA:83,0
DA:84,0
DA:85,0
DA:86,0
DA:95,0
DA:96,0
DA:98,0
DA:99,0
DA:100,0
DA:102,0
DA:104,0
LF:38
LH:1
end_of_record
SF:lib\src\presentation\pages\auth\login_page.dart
DA:11,34
DA:13,0
DA:14,0
DA:23,0
DA:25,0
DA:26,0
DA:28,0
DA:29,0
DA:31,0
DA:34,0
DA:35,0
DA:36,0
DA:38,0
DA:40,0
DA:42,0
DA:51,0
DA:52,0
DA:54,0
DA:61,0
DA:62,0
DA:67,0
DA:68,0
DA:69,0
DA:75,0
DA:76,0
DA:83,0
DA:84,0
DA:85,0
DA:91,0
DA:92,0
DA:94,0
DA:95,0
DA:96,0
DA:102,0
DA:103,0
DA:104,0
DA:105,0
DA:106,0
DA:115,0
DA:116,0
DA:117,0
DA:118,0
DA:120,0
DA:121,0
DA:122,0
DA:123,0
DA:125,0
DA:131,0
DA:132,0
DA:134,0
LF:50
LH:1
end_of_record
SF:lib\src\presentation\pages\auth\register_page.dart
DA:16,34
DA:18,0
DA:19,0
DA:29,0
DA:31,0
DA:32,0
DA:35,0
DA:37,0
DA:38,0
DA:40,0
DA:41,0
DA:42,0
DA:44,0
DA:47,0
DA:48,0
DA:49,0
DA:50,0
DA:51,0
DA:52,0
DA:54,0
DA:57,0
DA:58,0
DA:59,0
DA:61,0
DA:66,0
DA:67,0
DA:68,0
DA:69,0
DA:71,0
DA:74,0
DA:75,0
DA:76,0
DA:78,0
DA:83,0
DA:84,0
DA:85,0
DA:86,0
DA:88,0
DA:90,0
DA:93,0
DA:94,0
DA:95,0
DA:96,0
DA:97,0
DA:99,0
DA:103,0
DA:106,0
DA:107,0
DA:108,0
DA:110,0
DA:112,0
DA:117,0
DA:119,0
DA:120,0
DA:121,0
DA:122,0
DA:124,0
DA:127,0
DA:128,0
DA:129,0
DA:131,0
DA:136,0
DA:138,0
DA:140,0
DA:142,0
DA:144,0
DA:154,0
DA:155,0
DA:157,0
DA:164,0
DA:165,0
DA:170,0
DA:174,0
DA:175,0
DA:182,0
DA:183,0
DA:184,0
DA:190,0
DA:191,0
DA:195,0
DA:197,0
DA:198,0
DA:199,0
DA:204,0
DA:205,0
DA:209,0
DA:213,0
DA:214,0
DA:218,0
DA:222,0
DA:223,0
DA:228,0
DA:229,0
DA:230,0
DA:231,0
DA:232,0
DA:233,0
DA:234,0
DA:242,0
DA:243,0
DA:247,0
DA:249,0
DA:250,0
DA:251,0
DA:256,0
DA:257,0
DA:261,0
DA:265,0
DA:266,0
DA:270,0
DA:274,0
DA:275,0
DA:279,0
DA:281,0
DA:282,0
DA:283,0
DA:288,0
DA:289,0
DA:290,0
DA:291,0
DA:292,0
DA:293,0
DA:296,0
DA:297,0
DA:298,0
DA:299,0
DA:300,0
DA:306,0
DA:307,0
DA:309,0
DA:318,0
DA:319,0
DA:320,0
DA:321,0
DA:322,0
DA:323,0
DA:326,0
DA:327,0
DA:328,0
DA:329,0
DA:330,0
DA:331,0
DA:337,0
DA:338,0
DA:340,0
DA:349,0
DA:358,0
DA:359,0
DA:361,0
DA:362,0
DA:363,0
DA:364,0
DA:365,0
DA:366,0
DA:367,0
DA:368,0
DA:369,0
DA:370,0
DA:371,0
DA:372,0
DA:373,0
DA:374,0
DA:380,0
DA:382,0
DA:383,0
DA:384,0
DA:393,0
DA:394,0
DA:396,0
DA:397,0
DA:398,0
DA:400,0
DA:402,0
LF:173
LH:1
end_of_record
SF:lib\src\presentation\pages\main\available_donations_page.dart
DA:16,34
DA:18,0
DA:19,0
DA:27,0
DA:29,0
DA:30,0
DA:33,0
DA:35,0
DA:36,0
DA:40,0
DA:41,0
DA:44,0
DA:45,0
DA:48,0
DA:49,0
DA:50,0
DA:51,0
DA:52,0
DA:53,0
DA:54,0
DA:55,0
DA:56,0
DA:57,0
DA:59,0
DA:65,0
DA:66,0
DA:67,0
DA:69,0
DA:71,0
DA:72,0
DA:73,0
DA:74,0
DA:75,0
DA:76,0
DA:77,0
DA:78,0
DA:92,0
DA:93,0
DA:94,0
DA:95,0
DA:96,0
DA:98,0
DA:99,0
DA:100,0
DA:101,0
DA:102,0
DA:113,0
DA:114,0
DA:116,0
DA:117,0
DA:118,0
DA:119,0
DA:120,0
DA:121,0
DA:122,0
DA:130,0
DA:132,0
DA:133,0
DA:135,0
DA:142,0
DA:148,0
DA:149,0
DA:151,0
DA:152,0
DA:153,0
DA:154,0
DA:155,0
DA:156,0
DA:157,0
DA:166,0
DA:169,0
DA:170,0
DA:172,0
DA:179,0
DA:180,0
DA:187,0
DA:188,0
DA:189,0
DA:190,0
DA:192,0
DA:193,0
DA:194,0
DA:195,0
DA:196,0
DA:197,0
DA:198,0
DA:199,0
DA:201,0
DA:203,0
DA:204,0
DA:205,0
DA:206,0
DA:207,0
DA:212,0
DA:216,0
DA:221,0
DA:222,0
DA:224,0
DA:226,0
DA:227,0
DA:228,0
LF:101
LH:1
end_of_record
SF:lib\src\presentation\pages\main\denied_page.dart
DA:9,34
DA:11,0
DA:12,0
DA:19,0
DA:21,0
DA:22,0
DA:23,0
DA:25,0
DA:26,0
DA:28,0
DA:29,0
DA:34,0
DA:35,0
DA:36,0
LF:14
LH:1
end_of_record
SF:lib\src\presentation\pages\main\donate_page.dart
DA:16,34
DA:18,0
DA:19,0
DA:26,0
DA:28,0
DA:29,0
DA:33,0
DA:35,0
DA:38,0
DA:39,0
DA:41,0
DA:42,0
DA:44,0
DA:46,0
DA:48,0
DA:50,0
DA:59,0
DA:60,0
DA:61,0
DA:69,0
DA:70,0
DA:72,0
DA:74,0
DA:75,0
DA:76,0
DA:77,0
DA:78,0
DA:85,0
DA:86,0
DA:87,0
DA:88,0
DA:89,0
DA:94,0
DA:95,0
DA:96,0
DA:102,0
DA:103,0
DA:104,0
DA:105,0
DA:109,0
DA:111,0
DA:112,0
DA:113,0
DA:115,0
DA:117,0
DA:119,0
DA:121,0
DA:123,0
DA:126,0
DA:128,0
DA:131,0
DA:132,0
DA:134,0
DA:135,0
DA:151,0
DA:152,0
DA:154,0
DA:155,0
DA:156,0
DA:157,0
DA:161,0
DA:166,0
DA:167,0
DA:168,0
DA:169,0
DA:173,0
DA:175,0
DA:191,0
DA:192,0
DA:196,0
DA:197,0
DA:200,0
DA:201,0
DA:202,0
DA:207,0
DA:208,0
DA:210,0
DA:211,0
DA:212,0
DA:213,0
DA:214,0
DA:215,0
DA:216,0
DA:222,0
DA:224,0
DA:225,0
DA:226,0
DA:227,0
DA:228,0
DA:229,0
LF:90
LH:1
end_of_record
SF:lib\src\presentation\pages\main\my_donations_page.dart
DA:17,34
DA:19,0
DA:20,0
DA:27,0
DA:29,0
DA:30,0
DA:34,0
DA:35,0
DA:38,0
DA:39,0
DA:42,0
DA:43,0
DA:44,0
DA:46,0
DA:50,0
DA:51,0
DA:52,0
DA:53,0
DA:54,0
DA:55,0
DA:56,0
DA:67,0
DA:68,0
DA:70,0
DA:71,0
DA:72,0
DA:73,0
DA:74,0
DA:75,0
DA:76,0
DA:84,0
DA:86,0
DA:87,0
DA:89,0
DA:96,0
DA:102,0
DA:103,0
DA:105,0
DA:106,0
DA:107,0
DA:108,0
DA:109,0
DA:110,0
DA:111,0
DA:120,0
DA:123,0
DA:124,0
DA:126,0
DA:133,0
DA:134,0
DA:141,0
DA:142,0
DA:143,0
DA:144,0
DA:146,0
DA:147,0
DA:148,0
DA:149,0
DA:150,0
DA:151,0
DA:152,0
DA:154,0
DA:156,0
DA:157,0
DA:158,0
DA:159,0
DA:164,0
DA:170,0
DA:171,0
DA:172,0
DA:173,0
DA:174,0
DA:175,0
DA:176,0
DA:178,0
DA:180,0
DA:181,0
DA:182,0
DA:187,0
DA:188,0
DA:189,0
DA:190,0
DA:192,0
DA:194,0
DA:195,0
DA:196,0
DA:197,0
DA:198,0
LF:88
LH:1
end_of_record
SF:lib\src\presentation\pages\main\requested_donations_page.dart
DA:17,34
DA:19,0
DA:20,0
DA:28,0
DA:30,0
DA:31,0
DA:34,0
DA:36,0
DA:37,0
DA:41,0
DA:42,0
DA:45,0
DA:46,0
DA:49,0
DA:50,0
DA:51,0
DA:52,0
DA:53,0
DA:54,0
DA:55,0
DA:56,0
DA:57,0
DA:58,0
DA:60,0
DA:64,0
DA:65,0
DA:66,0
DA:68,0
DA:70,0
DA:71,0
DA:72,0
DA:73,0
DA:74,0
DA:75,0
DA:76,0
DA:77,0
DA:91,0
DA:92,0
DA:93,0
DA:94,0
DA:95,0
DA:97,0
DA:98,0
DA:99,0
DA:100,0
DA:101,0
DA:112,0
DA:113,0
DA:115,0
DA:116,0
DA:117,0
DA:118,0
DA:119,0
DA:120,0
DA:121,0
DA:129,0
DA:131,0
DA:132,0
DA:134,0
DA:141,0
DA:147,0
DA:148,0
DA:150,0
DA:151,0
DA:152,0
DA:153,0
DA:154,0
DA:155,0
DA:156,0
DA:165,0
DA:168,0
DA:169,0
DA:171,0
DA:178,0
DA:179,0
DA:186,0
DA:187,0
DA:188,0
DA:189,0
DA:191,0
DA:192,0
DA:193,0
DA:194,0
DA:195,0
DA:196,0
DA:197,0
DA:198,0
DA:200,0
DA:202,0
DA:203,0
DA:204,0
DA:205,0
DA:206,0
DA:211,0
DA:215,0
DA:220,0
DA:221,0
DA:222,0
DA:223,0
DA:224,0
DA:225,0
DA:227,0
DA:229,0
DA:230,0
DA:231,0
DA:236,0
DA:237,0
DA:238,0
DA:239,0
DA:241,0
DA:243,0
DA:244,0
DA:245,0
LF:113
LH:1
end_of_record
SF:lib\src\presentation\pages\main\waiting_page.dart
DA:9,34
DA:11,0
DA:12,0
DA:19,0
DA:21,0
DA:22,0
DA:23,0
DA:25,0
DA:26,0
DA:28,0
DA:29,0
DA:35,0
DA:36,0
DA:37,0
LF:14
LH:1
end_of_record
SF:lib\src\presentation\pages\main_page.dart
DA:16,34
DA:18,0
DA:19,0
DA:31,0
DA:33,0
DA:34,0
DA:37,0
DA:39,0
DA:40,0
DA:41,0
DA:42,0
DA:43,0
DA:44,0
DA:45,0
DA:46,0
DA:50,0
DA:56,0
DA:57,0
DA:59,0
DA:60,0
DA:67,0
DA:68,0
DA:71,0
DA:72,0
DA:74,0
DA:78,0
DA:79,0
DA:80,0
DA:81,0
DA:82,0
DA:84,0
DA:85,0
DA:86,0
DA:92,0
DA:93,0
DA:94,0
DA:97,0
DA:98,0
DA:101,0
DA:102,0
DA:105,0
DA:106,0
DA:107,0
DA:108,0
DA:112,0
DA:113,0
DA:117,0
DA:118,0
DA:122,0
DA:123,0
DA:130,0
DA:131,0
DA:132,0
DA:141,0
DA:142,0
DA:146,0
DA:150,0
DA:154,0
DA:155,0
DA:156,0
DA:157,0
DA:161,0
DA:162,0
DA:166,0
DA:167,0
DA:171,0
DA:172,0
DA:177,0
DA:178,0
DA:179,0
LF:70
LH:1
end_of_record
SF:lib\src\presentation\pages\web\home_page.dart
DA:11,34
DA:13,0
DA:14,0
DA:23,0
DA:25,0
DA:26,0
DA:31,0
DA:32,0
DA:33,0
DA:35,0
DA:38,0
DA:40,0
DA:41,0
DA:42,0
DA:43,0
DA:45,0
DA:47,0
DA:50,0
DA:51,0
DA:52,0
DA:53,0
DA:58,0
DA:62,0
DA:63,0
DA:68,0
DA:72,0
DA:73,0
DA:78,0
DA:86,0
DA:101,0
DA:102,0
DA:103,0
DA:105,0
DA:107,0
DA:124,0
DA:125,0
DA:134,0
DA:135,0
DA:136,0
DA:139,0
DA:141,0
DA:148,0
DA:149,0
DA:158,0
DA:159,0
DA:160,0
DA:163,0
DA:165,0
DA:172,0
DA:173,0
DA:182,0
DA:183,0
DA:184,0
DA:187,0
DA:189,0
DA:196,0
DA:197,0
LF:57
LH:1
end_of_record
SF:lib\src\presentation\stores\cities_store.g.dart
DA:12,1
DA:13,2
DA:15,1
DA:17,2
DA:18,1
DA:21,1
DA:23,4
DA:24,1
DA:28,1
DA:29,2
DA:31,1
DA:33,2
DA:36,1
DA:38,2
DA:42,1
DA:45,1
DA:46,1
LF:17
LH:17
end_of_record
SF:lib\src\presentation\stores\cities_store.dart
DA:17,1
DA:22,1
DA:24,2
DA:25,2
DA:27,3
DA:28,4
DA:29,2
LF:7
LH:7
end_of_record
SF:lib\src\presentation\stores\donations_store.g.dart
DA:12,1
DA:13,2
DA:15,1
DA:17,2
DA:18,1
DA:21,1
DA:23,4
DA:24,1
DA:28,1
DA:29,2
DA:31,1
DA:33,2
DA:34,1
DA:37,1
DA:39,4
DA:40,1
DA:44,1
DA:45,2
DA:47,1
DA:49,2
DA:50,1
DA:53,1
DA:55,4
DA:56,1
DA:60,1
DA:61,2
DA:63,1
DA:65,1
DA:66,3
DA:69,2
DA:71,1
DA:73,1
DA:75,1
DA:76,3
DA:79,2
DA:81,1
DA:83,1
DA:85,1
DA:86,3
DA:89,2
DA:91,1
DA:93,1
DA:95,1
DA:96,3
DA:99,2
DA:101,1
DA:103,1
DA:105,1
DA:106,3
DA:109,1
DA:110,2
DA:112,1
DA:114,2
DA:117,1
DA:119,2
DA:123,1
DA:126,1
DA:127,1
DA:128,1
DA:129,1
LF:60
LH:60
end_of_record
SF:lib\src\presentation\stores\donations_store.dart
DA:32,1
DA:52,1
DA:54,2
DA:55,2
DA:57,3
DA:58,4
DA:59,2
DA:61,4
DA:62,2
DA:64,4
DA:65,2
DA:70,1
DA:72,1
DA:73,2
DA:76,1
DA:78,2
DA:81,1
DA:83,2
DA:86,1
DA:88,2
DA:91,1
DA:93,2
LF:22
LH:22
end_of_record
SF:lib\src\presentation\stores\donation_store.g.dart
DA:12,1
DA:13,2
DA:15,1
DA:17,2
DA:18,1
DA:21,1
DA:23,4
DA:24,1
DA:28,1
DA:29,2
DA:31,1
DA:33,2
DA:34,1
DA:37,1
DA:39,4
DA:40,1
DA:44,1
DA:45,2
DA:47,1
DA:49,2
DA:50,1
DA:53,1
DA:55,4
DA:56,1
DA:60,1
DA:61,2
DA:63,1
DA:65,2
DA:66,1
DA:69,1
DA:71,4
DA:72,1
DA:76,1
DA:77,2
DA:79,1
DA:81,2
DA:82,1
DA:85,1
DA:87,4
DA:88,1
DA:92,1
DA:93,2
DA:95,1
DA:97,1
DA:98,3
DA:101,1
DA:102,2
DA:104,1
DA:106,1
DA:107,3
DA:110,1
DA:111,2
DA:113,1
DA:115,1
DA:116,3
DA:119,1
DA:122,1
DA:123,1
DA:124,1
DA:125,1
DA:126,1
DA:127,1
LF:62
LH:62
end_of_record
SF:lib\src\presentation\stores\donation_store.dart
DA:21,1
DA:42,1
DA:44,1
DA:46,1
DA:47,1
DA:48,1
DA:49,1
DA:51,1
DA:54,3
DA:57,1
DA:60,1
DA:63,1
DA:65,2
DA:66,1
DA:69,1
DA:71,2
DA:72,1
LF:17
LH:17
end_of_record
SF:lib\src\presentation\stores\users_store.dart
DA:26,1
DA:43,1
DA:45,2
DA:46,2
DA:48,3
DA:49,4
DA:50,2
DA:52,4
DA:53,2
DA:55,4
DA:56,2
DA:61,1
DA:63,5
DA:66,1
DA:68,5
DA:71,1
DA:73,2
DA:76,1
DA:78,2
LF:19
LH:19
end_of_record
SF:lib\src\presentation\stores\users_store.g.dart
DA:12,1
DA:13,2
DA:15,1
DA:17,2
DA:18,1
DA:21,1
DA:23,4
DA:24,1
DA:28,1
DA:29,2
DA:31,1
DA:33,2
DA:34,1
DA:37,1
DA:39,4
DA:40,1
DA:44,1
DA:45,2
DA:47,1
DA:49,2
DA:50,1
DA:53,1
DA:55,4
DA:56,1
DA:60,1
DA:61,2
DA:63,1
DA:65,1
DA:66,3
DA:69,1
DA:70,2
DA:72,1
DA:74,4
DA:77,1
DA:78,2
DA:80,1
DA:82,2
DA:85,1
DA:87,2
DA:91,1
DA:93,2
DA:96,1
DA:98,2
DA:102,1
DA:104,2
DA:107,1
DA:109,2
DA:113,1
DA:116,1
DA:117,1
DA:118,1
DA:119,1
LF:52
LH:52
end_of_record
SF:lib\src\presentation\stores\user_store.g.dart
DA:14,1
DA:15,1
DA:16,3
DA:17,1
DA:19,3
DA:21,1
DA:23,2
DA:24,1
DA:27,1
DA:29,4
DA:30,1
DA:34,3
DA:36,1
DA:38,2
DA:39,1
DA:42,1
DA:44,4
DA:45,1
DA:49,3
DA:51,1
DA:53,2
DA:54,1
DA:57,1
DA:59,4
DA:60,1
DA:64,1
DA:65,2
DA:67,1
DA:69,2
DA:70,1
DA:73,1
DA:75,4
DA:76,1
DA:80,3
DA:82,1
DA:84,2
DA:85,1
DA:88,1
DA:90,4
DA:91,1
DA:95,1
DA:96,2
DA:98,1
DA:100,2
DA:101,1
DA:104,1
DA:106,4
DA:107,1
DA:111,3
DA:113,1
DA:115,2
DA:116,1
DA:119,1
DA:121,4
DA:122,1
DA:126,1
DA:127,2
DA:129,1
DA:131,2
DA:132,1
DA:135,1
DA:137,4
DA:138,1
DA:142,1
DA:143,2
DA:145,1
DA:147,2
DA:148,1
DA:151,1
DA:153,4
DA:154,1
DA:158,1
DA:159,2
DA:161,1
DA:163,2
DA:164,1
DA:167,1
DA:169,4
DA:170,1
DA:174,1
DA:175,2
DA:177,1
DA:179,2
DA:180,1
DA:183,1
DA:185,4
DA:186,1
DA:190,1
DA:193,1
DA:194,1
DA:195,1
DA:196,1
DA:197,1
DA:198,1
DA:199,1
DA:200,1
DA:201,1
DA:202,1
DA:203,1
DA:204,1
DA:205,1
LF:101
LH:101
end_of_record
SF:lib\src\presentation\stores\user_store.dart
DA:45,1
DA:46,1
DA:48,1
DA:49,1
DA:50,1
DA:51,1
DA:52,1
DA:53,1
DA:54,1
DA:55,1
DA:56,1
DA:57,1
DA:58,1
LF:13
LH:13
end_of_record
SF:lib\src\presentation\widgets\app_bar\connection_app_bar.dart
DA:16,2
DA:18,2
DA:23,2
DA:25,2
DA:26,2
DA:27,4
DA:29,2
DA:30,4
DA:31,0
DA:32,0
DA:35,2
DA:36,2
DA:37,2
DA:43,2
DA:47,2
DA:48,3
DA:50,2
DA:51,2
DA:52,4
DA:53,2
DA:54,6
DA:59,2
DA:60,2
DA:63,2
DA:64,1
DA:65,2
DA:70,2
DA:71,4
LF:28
LH:26
end_of_record
SF:lib\src\presentation\widgets\app_bar\main_app_bar.dart
DA:20,1
DA:22,1
DA:24,1
DA:26,1
DA:27,1
DA:28,1
DA:29,1
DA:30,1
DA:32,5
DA:33,1
DA:34,2
DA:35,2
DA:36,3
DA:38,1
DA:39,2
DA:40,2
DA:47,1
DA:48,1
DA:52,2
DA:53,1
DA:54,2
DA:62,2
DA:63,1
DA:64,2
DA:66,1
DA:71,2
DA:72,1
DA:73,3
DA:74,2
DA:82,1
DA:83,2
DA:89,1
DA:90,1
DA:93,2
DA:94,1
DA:95,2
DA:101,2
DA:102,1
DA:103,2
DA:110,1
DA:111,2
LF:41
LH:41
end_of_record
SF:lib\src\presentation\widgets\app_widget.dart
DA:8,34
DA:10,0
DA:12,0
DA:13,0
DA:14,0
DA:17,0
DA:18,0
DA:19,0
LF:8
LH:1
end_of_record
SF:lib\src\presentation\widgets\boot_widget.dart
DA:7,35
DA:9,1
DA:11,1
DA:14,1
DA:15,1
DA:16,1
DA:17,2
DA:18,2
DA:19,2
DA:20,2
DA:21,2
DA:22,2
DA:24,1
DA:28,1
LF:14
LH:14
end_of_record
SF:lib\src\presentation\widgets\button\connection_outlined_button.dart
DA:12,1
DA:16,1
DA:18,1
DA:20,1
DA:21,2
DA:22,3
DA:23,1
LF:7
LH:7
end_of_record
SF:lib\src\presentation\widgets\button\loading_outlined_button.dart
DA:4,137
DA:6,1
LF:2
LH:2
end_of_record
SF:lib\src\presentation\widgets\layout\layout_breakpoint.dart
DA:24,1
DA:34,2
DA:35,3
DA:36,3
DA:37,3
DA:38,3
DA:39,3
DA:40,3
DA:43,1
DA:45,3
DA:47,3
DA:49,6
DA:51,2
DA:53,1
DA:54,2
LF:15
LH:15
end_of_record
SF:lib\src\presentation\widgets\layout\layout_visibility.dart
DA:10,1
DA:14,1
DA:16,1
DA:17,1
DA:20,1
DA:21,1
DA:24,1
DA:26,3
DA:28,4
DA:29,1
DA:32,4
DA:33,1
DA:36,1
LF:13
LH:13
end_of_record
SF:lib\src\themes\main_theme.dart
DA:5,6
DA:7,3
DA:13,6
DA:16,6
LF:4
LH:4
end_of_record
